<?xml version="1.0" encoding="UTF-8" ?>
<testsuites name="vitest tests" tests="37" failures="1" errors="0" time="0.004660625">
    <testsuite name="src/ui/contexts/SessionContext.test.tsx" timestamp="2025-07-17T22:06:19.409Z" hostname="Andrews-MacBook-Pro-2.local" tests="1" failures="1" errors="0" skipped="0" time="0">
        <testcase classname="src/ui/contexts/SessionContext.test.tsx" name="src/ui/contexts/SessionContext.test.tsx" time="0">
            <failure message="Cannot find module &apos;dom-accessibility-api&apos;
Require stack:
- /Users/acoliver/projects/llxprt-code/packages/cli/node_modules/@testing-library/dom/dist/suggestions.js" type="Error">
Error: Cannot find module &apos;dom-accessibility-api&apos;
Require stack:
- /Users/acoliver/projects/llxprt-code/packages/cli/node_modules/@testing-library/dom/dist/suggestions.js
 ❯ Object.&lt;anonymous&gt; node_modules/@testing-library/dom/dist/suggestions.js:7:28

⎯⎯⎯⎯⎯⎯⎯⎯⎯⎯⎯⎯⎯⎯⎯⎯⎯⎯⎯⎯⎯⎯⎯⎯⎯⎯⎯⎯⎯⎯
Serialized Error: { code: &apos;MODULE_NOT_FOUND&apos;, requireStack: [ &apos;/Users/acoliver/projects/llxprt-code/packages/cli/node_modules/@testing-library/dom/dist/suggestions.js&apos; ] }
            </failure>
        </testcase>
    </testsuite>
    <testsuite name="src/ui/reducers/appReducer.test.ts" timestamp="2025-07-17T22:06:19.410Z" hostname="Andrews-MacBook-Pro-2.local" tests="36" failures="0" errors="0" skipped="0" time="0.004660625">
        <testcase classname="src/ui/reducers/appReducer.test.ts" name="appReducer &gt; initial state &gt; should have correct initial state" time="0.000931917">
        </testcase>
        <testcase classname="src/ui/reducers/appReducer.test.ts" name="appReducer &gt; initial state &gt; should return state unchanged for unknown action" time="0.000169291">
        </testcase>
        <testcase classname="src/ui/reducers/appReducer.test.ts" name="appReducer &gt; ADD_ITEM action &gt; should store the ADD_ITEM action payload in lastAddItemAction" time="0.000137667">
        </testcase>
        <testcase classname="src/ui/reducers/appReducer.test.ts" name="appReducer &gt; ADD_ITEM action &gt; should replace previous lastAddItemAction" time="0.000073791">
        </testcase>
        <testcase classname="src/ui/reducers/appReducer.test.ts" name="appReducer &gt; OPEN_DIALOG action &gt; should open theme dialog" time="0.000206667">
        </testcase>
        <testcase classname="src/ui/reducers/appReducer.test.ts" name="appReducer &gt; OPEN_DIALOG action &gt; should open auth dialog" time="0.000123792">
        </testcase>
        <testcase classname="src/ui/reducers/appReducer.test.ts" name="appReducer &gt; OPEN_DIALOG action &gt; should open editor dialog" time="0.000104583">
        </testcase>
        <testcase classname="src/ui/reducers/appReducer.test.ts" name="appReducer &gt; OPEN_DIALOG action &gt; should open providerModel dialog" time="0.000084792">
        </testcase>
        <testcase classname="src/ui/reducers/appReducer.test.ts" name="appReducer &gt; OPEN_DIALOG action &gt; should open provider dialog" time="0.000085125">
        </testcase>
        <testcase classname="src/ui/reducers/appReducer.test.ts" name="appReducer &gt; OPEN_DIALOG action &gt; should open privacy dialog" time="0.000077458">
        </testcase>
        <testcase classname="src/ui/reducers/appReducer.test.ts" name="appReducer &gt; OPEN_DIALOG action &gt; should maintain immutability when opening dialog" time="0.000251709">
        </testcase>
        <testcase classname="src/ui/reducers/appReducer.test.ts" name="appReducer &gt; OPEN_DIALOG action &gt; should allow multiple dialogs to be open" time="0.000082041">
        </testcase>
        <testcase classname="src/ui/reducers/appReducer.test.ts" name="appReducer &gt; CLOSE_DIALOG action &gt; should close an open dialog" time="0.000035375">
        </testcase>
        <testcase classname="src/ui/reducers/appReducer.test.ts" name="appReducer &gt; CLOSE_DIALOG action &gt; should handle closing already closed dialog" time="0.000028833">
        </testcase>
        <testcase classname="src/ui/reducers/appReducer.test.ts" name="appReducer &gt; CLOSE_DIALOG action &gt; should maintain immutability when closing dialog" time="0.000110125">
        </testcase>
        <testcase classname="src/ui/reducers/appReducer.test.ts" name="appReducer &gt; CLOSE_DIALOG action &gt; should only close the specified dialog" time="0.000052042">
        </testcase>
        <testcase classname="src/ui/reducers/appReducer.test.ts" name="appReducer &gt; SET_WARNING action &gt; should add a new warning" time="0.000046416">
        </testcase>
        <testcase classname="src/ui/reducers/appReducer.test.ts" name="appReducer &gt; SET_WARNING action &gt; should overwrite existing warning with same key" time="0.000043292">
        </testcase>
        <testcase classname="src/ui/reducers/appReducer.test.ts" name="appReducer &gt; SET_WARNING action &gt; should maintain multiple warnings" time="0.000071625">
        </testcase>
        <testcase classname="src/ui/reducers/appReducer.test.ts" name="appReducer &gt; SET_WARNING action &gt; should create a new Map instance (immutability)" time="0.000060166">
        </testcase>
        <testcase classname="src/ui/reducers/appReducer.test.ts" name="appReducer &gt; CLEAR_WARNING action &gt; should remove an existing warning" time="0.000044375">
        </testcase>
        <testcase classname="src/ui/reducers/appReducer.test.ts" name="appReducer &gt; CLEAR_WARNING action &gt; should handle clearing non-existent warning" time="0.000027709">
        </testcase>
        <testcase classname="src/ui/reducers/appReducer.test.ts" name="appReducer &gt; CLEAR_WARNING action &gt; should only clear specified warning" time="0.000059167">
        </testcase>
        <testcase classname="src/ui/reducers/appReducer.test.ts" name="appReducer &gt; CLEAR_WARNING action &gt; should create a new Map instance (immutability)" time="0.00005275">
        </testcase>
        <testcase classname="src/ui/reducers/appReducer.test.ts" name="appReducer &gt; SET_THEME_ERROR action &gt; should set theme error message" time="0.000049458">
        </testcase>
        <testcase classname="src/ui/reducers/appReducer.test.ts" name="appReducer &gt; SET_THEME_ERROR action &gt; should clear theme error when payload is null" time="0.00003175">
        </testcase>
        <testcase classname="src/ui/reducers/appReducer.test.ts" name="appReducer &gt; SET_THEME_ERROR action &gt; should maintain immutability" time="0.000084208">
        </testcase>
        <testcase classname="src/ui/reducers/appReducer.test.ts" name="appReducer &gt; SET_AUTH_ERROR action &gt; should set auth error message" time="0.000045167">
        </testcase>
        <testcase classname="src/ui/reducers/appReducer.test.ts" name="appReducer &gt; SET_AUTH_ERROR action &gt; should clear auth error when payload is null" time="0.00002875">
        </testcase>
        <testcase classname="src/ui/reducers/appReducer.test.ts" name="appReducer &gt; SET_AUTH_ERROR action &gt; should maintain immutability" time="0.000075833">
        </testcase>
        <testcase classname="src/ui/reducers/appReducer.test.ts" name="appReducer &gt; SET_EDITOR_ERROR action &gt; should set editor error message" time="0.00004875">
        </testcase>
        <testcase classname="src/ui/reducers/appReducer.test.ts" name="appReducer &gt; SET_EDITOR_ERROR action &gt; should clear editor error when payload is null" time="0.000030625">
        </testcase>
        <testcase classname="src/ui/reducers/appReducer.test.ts" name="appReducer &gt; SET_EDITOR_ERROR action &gt; should maintain immutability" time="0.000083875">
        </testcase>
        <testcase classname="src/ui/reducers/appReducer.test.ts" name="appReducer &gt; multiple error types &gt; should handle multiple errors independently" time="0.000076959">
        </testcase>
        <testcase classname="src/ui/reducers/appReducer.test.ts" name="appReducer &gt; complex state changes &gt; should handle multiple state changes correctly" time="0.000160792">
        </testcase>
        <testcase classname="src/ui/reducers/appReducer.test.ts" name="appReducer &gt; state immutability &gt; should never mutate the original state" time="0.000097209">
        </testcase>
    </testsuite>
</testsuites>
